[ 2017-04-18T19:59:44+08:00 ] 192.168.199.241 /hailun/web/think/index.php/admin
INFO: [ app_init ] --START--
INFO: Run Behavior\BuildLiteBehavior [ RunTime:0.000027s ]
INFO: [ app_init ] --END-- [ RunTime:0.000499s ]
INFO: [ app_begin ] --START--
INFO: Run Behavior\ReadHtmlCacheBehavior [ RunTime:0.000502s ]
INFO: [ app_begin ] --END-- [ RunTime:0.000621s ]

[ 2017-04-18T19:59:44+08:00 ] 192.168.199.241 /hailun/web/think/index.php/Admin/Login/index.html
INFO: [ app_init ] --START--
INFO: Run Behavior\BuildLiteBehavior [ RunTime:0.000026s ]
INFO: [ app_init ] --END-- [ RunTime:0.000582s ]
INFO: [ app_begin ] --START--
INFO: Run Behavior\ReadHtmlCacheBehavior [ RunTime:0.000545s ]
INFO: [ app_begin ] --END-- [ RunTime:0.000659s ]
NOTIC: [2] Missing argument 1 for Think\Controller::show(), called in D:\www\hailun\web\think\Application\Admin\Controller\LoginController.class.php on line 11 and defined D:\www\hailun\web\think\ThinkPHP\Library\Think\Controller.class.php 第 68 行.
NOTIC: [8] Undefined variable: content D:\www\hailun\web\think\ThinkPHP\Library\Think\Controller.class.php 第 69 行.
INFO: [ view_parse ] --START--
INFO: [ template_filter ] --START--
INFO: Run Behavior\ContentReplaceBehavior [ RunTime:0.000095s ]
INFO: [ template_filter ] --END-- [ RunTime:0.000222s ]
INFO: Run Behavior\ParseTemplateBehavior [ RunTime:0.014220s ]
INFO: [ view_parse ] --END-- [ RunTime:0.014343s ]
INFO: [ view_filter ] --START--
INFO: Run Behavior\WriteHtmlCacheBehavior [ RunTime:0.000489s ]
INFO: [ view_filter ] --END-- [ RunTime:0.000598s ]
INFO: [ app_end ] --START--
INFO: Run Behavior\ShowPageTraceBehavior [ RunTime:0.000626s ]
INFO: [ app_end ] --END-- [ RunTime:0.000735s ]

[ 2017-04-18T19:59:44+08:00 ] 192.168.199.241 /hailun/web/think/index.php/Admin/Login/code.html
INFO: [ app_init ] --START--
INFO: Run Behavior\BuildLiteBehavior [ RunTime:0.000061s ]
INFO: [ app_init ] --END-- [ RunTime:0.001024s ]
INFO: [ app_begin ] --START--
INFO: Run Behavior\ReadHtmlCacheBehavior [ RunTime:0.000718s ]
INFO: [ app_begin ] --END-- [ RunTime:0.000882s ]
INFO: [ app_end ] --START--
INFO: Run Behavior\ShowPageTraceBehavior [ RunTime:0.000637s ]
INFO: [ app_end ] --END-- [ RunTime:0.000768s ]

[ 2017-04-18T19:59:45+08:00 ] 192.168.199.241 /hailun/web/think/index.php/Admin/Login/images/light.png
INFO: [ app_init ] --START--
INFO: Run Behavior\BuildLiteBehavior [ RunTime:0.000027s ]
INFO: [ app_init ] --END-- [ RunTime:0.000516s ]

[ 2017-04-18T20:01:53+08:00 ] 192.168.199.241 /hailun/web/think/index.php/Admin/Login/index.html
INFO: [ app_init ] --START--
INFO: Run Behavior\BuildLiteBehavior [ RunTime:0.000025s ]
INFO: [ app_init ] --END-- [ RunTime:0.000613s ]
INFO: [ app_begin ] --START--
INFO: Run Behavior\ReadHtmlCacheBehavior [ RunTime:0.000595s ]
INFO: [ app_begin ] --END-- [ RunTime:0.000758s ]
SQL: SHOW COLUMNS FROM `th_user` [ RunTime:0.0078s ]
NOTIC: [2] Missing argument 1 for Common\Model\UserModel::userAdd(), called in D:\www\hailun\web\think\Application\Admin\Controller\LoginController.class.php on line 8 and defined D:\www\hailun\web\think\Application\Common\Model\UserModel.class.php 第 15 行.
SQL: SELECT * FROM `th_user` WHERE ( username='admin' ) LIMIT 1   [ RunTime:0.0005s ]
INFO: [ view_parse ] --START--
INFO: [ template_filter ] --START--
INFO: Run Behavior\ContentReplaceBehavior [ RunTime:0.000073s ]
INFO: [ template_filter ] --END-- [ RunTime:0.000187s ]
INFO: Run Behavior\ParseTemplateBehavior [ RunTime:0.006087s ]
INFO: [ view_parse ] --END-- [ RunTime:0.006211s ]
INFO: [ view_filter ] --START--
INFO: Run Behavior\WriteHtmlCacheBehavior [ RunTime:0.000454s ]
INFO: [ view_filter ] --END-- [ RunTime:0.000560s ]

[ 2017-04-18T20:01:56+08:00 ] 192.168.199.241 /hailun/web/think/index.php/Admin/Login/index.html
INFO: [ app_init ] --START--
INFO: Run Behavior\BuildLiteBehavior [ RunTime:0.000090s ]
INFO: [ app_init ] --END-- [ RunTime:0.001562s ]
INFO: [ app_begin ] --START--
INFO: Run Behavior\ReadHtmlCacheBehavior [ RunTime:0.001287s ]
INFO: [ app_begin ] --END-- [ RunTime:0.001559s ]
NOTIC: [2] Missing argument 1 for Think\Controller::show(), called in D:\www\hailun\web\think\Application\Admin\Controller\LoginController.class.php on line 11 and defined D:\www\hailun\web\think\ThinkPHP\Library\Think\Controller.class.php 第 68 行.
NOTIC: [8] Undefined variable: content D:\www\hailun\web\think\ThinkPHP\Library\Think\Controller.class.php 第 69 行.
INFO: [ view_parse ] --START--
INFO: [ template_filter ] --START--
INFO: Run Behavior\ContentReplaceBehavior [ RunTime:0.000099s ]
INFO: [ template_filter ] --END-- [ RunTime:0.000236s ]
INFO: Run Behavior\ParseTemplateBehavior [ RunTime:0.012831s ]
INFO: [ view_parse ] --END-- [ RunTime:0.013017s ]
INFO: [ view_filter ] --START--
INFO: Run Behavior\WriteHtmlCacheBehavior [ RunTime:0.000466s ]
INFO: [ view_filter ] --END-- [ RunTime:0.000589s ]
INFO: [ app_end ] --START--
INFO: Run Behavior\ShowPageTraceBehavior [ RunTime:0.000743s ]
INFO: [ app_end ] --END-- [ RunTime:0.000867s ]

[ 2017-04-18T20:01:57+08:00 ] 192.168.199.241 /hailun/web/think/index.php/Admin/Login/code.html
INFO: [ app_init ] --START--
INFO: Run Behavior\BuildLiteBehavior [ RunTime:0.000063s ]
INFO: [ app_init ] --END-- [ RunTime:0.000990s ]
INFO: [ app_begin ] --START--
INFO: Run Behavior\ReadHtmlCacheBehavior [ RunTime:0.000928s ]
INFO: [ app_begin ] --END-- [ RunTime:0.001135s ]
INFO: [ app_end ] --START--
INFO: Run Behavior\ShowPageTraceBehavior [ RunTime:0.001172s ]
INFO: [ app_end ] --END-- [ RunTime:0.001500s ]

[ 2017-04-18T20:02:01+08:00 ] 192.168.199.241 /hailun/web/think/index.php/Admin/Login/code.html?&rand=0.10864981464344037
INFO: [ app_init ] --START--
INFO: Run Behavior\BuildLiteBehavior [ RunTime:0.000026s ]
INFO: [ app_init ] --END-- [ RunTime:0.000552s ]
INFO: [ app_begin ] --START--
INFO: Run Behavior\ReadHtmlCacheBehavior [ RunTime:0.000554s ]
INFO: [ app_begin ] --END-- [ RunTime:0.000672s ]
INFO: [ app_end ] --START--
INFO: Run Behavior\ShowPageTraceBehavior [ RunTime:0.000718s ]
INFO: [ app_end ] --END-- [ RunTime:0.000884s ]

[ 2017-04-18T20:02:03+08:00 ] 192.168.199.241 /hailun/web/think/index.php/Admin/Login/code.html?&rand=0.10816497850585094
INFO: [ app_init ] --START--
INFO: Run Behavior\BuildLiteBehavior [ RunTime:0.000036s ]
INFO: [ app_init ] --END-- [ RunTime:0.000563s ]
INFO: [ app_begin ] --START--
INFO: Run Behavior\ReadHtmlCacheBehavior [ RunTime:0.000570s ]
INFO: [ app_begin ] --END-- [ RunTime:0.000689s ]
INFO: [ app_end ] --START--
INFO: Run Behavior\ShowPageTraceBehavior [ RunTime:0.000601s ]
INFO: [ app_end ] --END-- [ RunTime:0.000723s ]

[ 2017-04-18T20:02:04+08:00 ] 192.168.199.241 /hailun/web/think/index.php/Admin/Login/code.html?&rand=0.7547100613091354
INFO: [ app_init ] --START--
INFO: Run Behavior\BuildLiteBehavior [ RunTime:0.000056s ]
INFO: [ app_init ] --END-- [ RunTime:0.001263s ]
INFO: [ app_begin ] --START--
INFO: Run Behavior\ReadHtmlCacheBehavior [ RunTime:0.001181s ]
INFO: [ app_begin ] --END-- [ RunTime:0.001444s ]
INFO: [ app_end ] --START--
INFO: Run Behavior\ShowPageTraceBehavior [ RunTime:0.001312s ]
INFO: [ app_end ] --END-- [ RunTime:0.001622s ]

[ 2017-04-18T20:02:07+08:00 ] 192.168.199.241 /hailun/web/think/index.php/Admin/Login/index.html
INFO: [ app_init ] --START--
INFO: Run Behavior\BuildLiteBehavior [ RunTime:0.000025s ]
INFO: [ app_init ] --END-- [ RunTime:0.000469s ]
INFO: [ app_begin ] --START--
INFO: Run Behavior\ReadHtmlCacheBehavior [ RunTime:0.000456s ]
INFO: [ app_begin ] --END-- [ RunTime:0.000573s ]
SQL: SHOW COLUMNS FROM `th_user` [ RunTime:0.0069s ]
NOTIC: [2] Missing argument 1 for Common\Model\UserModel::userAdd(), called in D:\www\hailun\web\think\Application\Admin\Controller\LoginController.class.php on line 8 and defined D:\www\hailun\web\think\Application\Common\Model\UserModel.class.php 第 15 行.
SQL: SELECT * FROM `th_user` WHERE ( username='admin' ) LIMIT 1   [ RunTime:0.0004s ]
INFO: [ view_parse ] --START--
INFO: [ template_filter ] --START--
INFO: Run Behavior\ContentReplaceBehavior [ RunTime:0.000084s ]
INFO: [ template_filter ] --END-- [ RunTime:0.000200s ]
INFO: Run Behavior\ParseTemplateBehavior [ RunTime:0.005758s ]
INFO: [ view_parse ] --END-- [ RunTime:0.005916s ]
INFO: [ view_filter ] --START--
INFO: Run Behavior\WriteHtmlCacheBehavior [ RunTime:0.000457s ]
INFO: [ view_filter ] --END-- [ RunTime:0.000606s ]

[ 2017-04-18T20:02:11+08:00 ] 192.168.199.241 /hailun/web/think/index.php/Admin/Login/index.html
INFO: [ app_init ] --START--
INFO: Run Behavior\BuildLiteBehavior [ RunTime:0.000044s ]
INFO: [ app_init ] --END-- [ RunTime:0.000674s ]
INFO: [ app_begin ] --START--
INFO: Run Behavior\ReadHtmlCacheBehavior [ RunTime:0.000733s ]
INFO: [ app_begin ] --END-- [ RunTime:0.000932s ]
NOTIC: [2] Missing argument 1 for Think\Controller::show(), called in D:\www\hailun\web\think\Application\Admin\Controller\LoginController.class.php on line 11 and defined D:\www\hailun\web\think\ThinkPHP\Library\Think\Controller.class.php 第 68 行.
NOTIC: [8] Undefined variable: content D:\www\hailun\web\think\ThinkPHP\Library\Think\Controller.class.php 第 69 行.
INFO: [ view_parse ] --START--
INFO: [ template_filter ] --START--
INFO: Run Behavior\ContentReplaceBehavior [ RunTime:0.000109s ]
INFO: [ template_filter ] --END-- [ RunTime:0.000229s ]
INFO: Run Behavior\ParseTemplateBehavior [ RunTime:0.005915s ]
INFO: [ view_parse ] --END-- [ RunTime:0.006030s ]
INFO: [ view_filter ] --START--
INFO: Run Behavior\WriteHtmlCacheBehavior [ RunTime:0.000328s ]
INFO: [ view_filter ] --END-- [ RunTime:0.000437s ]
INFO: [ app_end ] --START--
INFO: Run Behavior\ShowPageTraceBehavior [ RunTime:0.000489s ]
INFO: [ app_end ] --END-- [ RunTime:0.000595s ]

[ 2017-04-18T20:02:11+08:00 ] 192.168.199.241 /hailun/web/think/index.php/Admin/Login/code.html
INFO: [ app_init ] --START--
INFO: Run Behavior\BuildLiteBehavior [ RunTime:0.000039s ]
INFO: [ app_init ] --END-- [ RunTime:0.000756s ]
INFO: [ app_begin ] --START--
INFO: Run Behavior\ReadHtmlCacheBehavior [ RunTime:0.000857s ]
INFO: [ app_begin ] --END-- [ RunTime:0.001027s ]
INFO: [ app_end ] --START--
INFO: Run Behavior\ShowPageTraceBehavior [ RunTime:0.000946s ]
INFO: [ app_end ] --END-- [ RunTime:0.001131s ]

[ 2017-04-18T20:02:27+08:00 ] 192.168.199.241 /hailun/web/think/index.php/Admin/Login/code.html?&rand=0.347332795942744
INFO: [ app_init ] --START--
INFO: Run Behavior\BuildLiteBehavior [ RunTime:0.000075s ]
INFO: [ app_init ] --END-- [ RunTime:0.001472s ]
INFO: [ app_begin ] --START--
INFO: Run Behavior\ReadHtmlCacheBehavior [ RunTime:0.001153s ]
INFO: [ app_begin ] --END-- [ RunTime:0.001438s ]
INFO: [ app_end ] --START--
INFO: Run Behavior\ShowPageTraceBehavior [ RunTime:0.000905s ]
INFO: [ app_end ] --END-- [ RunTime:0.001148s ]

[ 2017-04-18T20:02:28+08:00 ] 192.168.199.241 /hailun/web/think/index.php/Admin/Login/code.html?&rand=0.9069564153080014
INFO: [ app_init ] --START--
INFO: Run Behavior\BuildLiteBehavior [ RunTime:0.000027s ]
INFO: [ app_init ] --END-- [ RunTime:0.000564s ]
INFO: [ app_begin ] --START--
INFO: Run Behavior\ReadHtmlCacheBehavior [ RunTime:0.000541s ]
INFO: [ app_begin ] --END-- [ RunTime:0.000655s ]
INFO: [ app_end ] --START--
INFO: Run Behavior\ShowPageTraceBehavior [ RunTime:0.000634s ]
INFO: [ app_end ] --END-- [ RunTime:0.000758s ]

[ 2017-04-18T20:02:29+08:00 ] 192.168.199.241 /hailun/web/think/index.php/Admin/Login/code.html?&rand=0.6939565577313405
INFO: [ app_init ] --START--
INFO: Run Behavior\BuildLiteBehavior [ RunTime:0.000027s ]
INFO: [ app_init ] --END-- [ RunTime:0.000545s ]
INFO: [ app_begin ] --START--
INFO: Run Behavior\ReadHtmlCacheBehavior [ RunTime:0.000514s ]
INFO: [ app_begin ] --END-- [ RunTime:0.000640s ]
INFO: [ app_end ] --START--
INFO: Run Behavior\ShowPageTraceBehavior [ RunTime:0.000654s ]
INFO: [ app_end ] --END-- [ RunTime:0.000784s ]

[ 2017-04-18T20:02:29+08:00 ] 192.168.199.241 /hailun/web/think/index.php/Admin/Login/code.html?&rand=0.3809955637380784
INFO: [ app_init ] --START--
INFO: Run Behavior\BuildLiteBehavior [ RunTime:0.000028s ]
INFO: [ app_init ] --END-- [ RunTime:0.000596s ]
INFO: [ app_begin ] --START--
INFO: Run Behavior\ReadHtmlCacheBehavior [ RunTime:0.000628s ]
INFO: [ app_begin ] --END-- [ RunTime:0.000749s ]
INFO: [ app_end ] --START--
INFO: Run Behavior\ShowPageTraceBehavior [ RunTime:0.000606s ]
INFO: [ app_end ] --END-- [ RunTime:0.000727s ]

[ 2017-04-18T20:02:30+08:00 ] 192.168.199.241 /hailun/web/think/index.php/Admin/Login/code.html?&rand=0.20891389623995416
INFO: [ app_init ] --START--
INFO: Run Behavior\BuildLiteBehavior [ RunTime:0.000024s ]
INFO: [ app_init ] --END-- [ RunTime:0.000551s ]
INFO: [ app_begin ] --START--
INFO: Run Behavior\ReadHtmlCacheBehavior [ RunTime:0.000635s ]
INFO: [ app_begin ] --END-- [ RunTime:0.000806s ]
INFO: [ app_end ] --START--
INFO: Run Behavior\ShowPageTraceBehavior [ RunTime:0.000713s ]
INFO: [ app_end ] --END-- [ RunTime:0.000887s ]

[ 2017-04-18T20:02:31+08:00 ] 192.168.199.241 /hailun/web/think/index.php/Admin/Login/code.html?&rand=0.3887696834817481
INFO: [ app_init ] --START--
INFO: Run Behavior\BuildLiteBehavior [ RunTime:0.000026s ]
INFO: [ app_init ] --END-- [ RunTime:0.000565s ]
INFO: [ app_begin ] --START--
INFO: Run Behavior\ReadHtmlCacheBehavior [ RunTime:0.000569s ]
INFO: [ app_begin ] --END-- [ RunTime:0.000683s ]
INFO: [ app_end ] --START--
INFO: Run Behavior\ShowPageTraceBehavior [ RunTime:0.000582s ]
INFO: [ app_end ] --END-- [ RunTime:0.000711s ]

[ 2017-04-18T20:02:32+08:00 ] 192.168.199.241 /hailun/web/think/index.php/Admin/Login/code.html?&rand=0.8883665597395162
INFO: [ app_init ] --START--
INFO: Run Behavior\BuildLiteBehavior [ RunTime:0.000025s ]
INFO: [ app_init ] --END-- [ RunTime:0.000569s ]
INFO: [ app_begin ] --START--
INFO: Run Behavior\ReadHtmlCacheBehavior [ RunTime:0.000630s ]
INFO: [ app_begin ] --END-- [ RunTime:0.000780s ]
INFO: [ app_end ] --START--
INFO: Run Behavior\ShowPageTraceBehavior [ RunTime:0.000619s ]
INFO: [ app_end ] --END-- [ RunTime:0.000745s ]

[ 2017-04-18T20:02:33+08:00 ] 192.168.199.241 /hailun/web/think/index.php/Admin/Login/code.html?&rand=0.02889257893368835
INFO: [ app_init ] --START--
INFO: Run Behavior\BuildLiteBehavior [ RunTime:0.000049s ]
INFO: [ app_init ] --END-- [ RunTime:0.001231s ]
INFO: [ app_begin ] --START--
INFO: Run Behavior\ReadHtmlCacheBehavior [ RunTime:0.001034s ]
INFO: [ app_begin ] --END-- [ RunTime:0.001262s ]
INFO: [ app_end ] --START--
INFO: Run Behavior\ShowPageTraceBehavior [ RunTime:0.001092s ]
INFO: [ app_end ] --END-- [ RunTime:0.001339s ]

[ 2017-04-18T20:02:33+08:00 ] 192.168.199.241 /hailun/web/think/index.php/Admin/Login/code.html?&rand=0.2546923627518548
INFO: [ app_init ] --START--
INFO: Run Behavior\BuildLiteBehavior [ RunTime:0.000025s ]
INFO: [ app_init ] --END-- [ RunTime:0.000555s ]
INFO: [ app_begin ] --START--
INFO: Run Behavior\ReadHtmlCacheBehavior [ RunTime:0.000574s ]
INFO: [ app_begin ] --END-- [ RunTime:0.000691s ]
INFO: [ app_end ] --START--
INFO: Run Behavior\ShowPageTraceBehavior [ RunTime:0.000640s ]
INFO: [ app_end ] --END-- [ RunTime:0.000766s ]

[ 2017-04-18T20:02:34+08:00 ] 192.168.199.241 /hailun/web/think/index.php/Admin/Login/code.html?&rand=0.684559079124786
INFO: [ app_init ] --START--
INFO: Run Behavior\BuildLiteBehavior [ RunTime:0.000025s ]
INFO: [ app_init ] --END-- [ RunTime:0.000561s ]
INFO: [ app_begin ] --START--
INFO: Run Behavior\ReadHtmlCacheBehavior [ RunTime:0.000561s ]
INFO: [ app_begin ] --END-- [ RunTime:0.000676s ]
INFO: [ app_end ] --START--
INFO: Run Behavior\ShowPageTraceBehavior [ RunTime:0.000641s ]
INFO: [ app_end ] --END-- [ RunTime:0.000764s ]

[ 2017-04-18T20:02:35+08:00 ] 192.168.199.241 /hailun/web/think/index.php/Admin/Login/code.html?&rand=0.5364299888494413
INFO: [ app_init ] --START--
INFO: Run Behavior\BuildLiteBehavior [ RunTime:0.000026s ]
INFO: [ app_init ] --END-- [ RunTime:0.000519s ]
INFO: [ app_begin ] --START--
INFO: Run Behavior\ReadHtmlCacheBehavior [ RunTime:0.000572s ]
INFO: [ app_begin ] --END-- [ RunTime:0.000687s ]
INFO: [ app_end ] --START--
INFO: Run Behavior\ShowPageTraceBehavior [ RunTime:0.000591s ]
INFO: [ app_end ] --END-- [ RunTime:0.000711s ]

[ 2017-04-18T20:02:36+08:00 ] 192.168.199.241 /hailun/web/think/index.php/Admin/Login/code.html?&rand=0.6319527099369469
INFO: [ app_init ] --START--
INFO: Run Behavior\BuildLiteBehavior [ RunTime:0.000046s ]
INFO: [ app_init ] --END-- [ RunTime:0.001019s ]
INFO: [ app_begin ] --START--
INFO: Run Behavior\ReadHtmlCacheBehavior [ RunTime:0.000998s ]
INFO: [ app_begin ] --END-- [ RunTime:0.001210s ]
INFO: [ app_end ] --START--
INFO: Run Behavior\ShowPageTraceBehavior [ RunTime:0.001054s ]
INFO: [ app_end ] --END-- [ RunTime:0.001286s ]

[ 2017-04-18T20:02:37+08:00 ] 192.168.199.241 /hailun/web/think/index.php/Admin/Login/code.html?&rand=0.9384526429612279
INFO: [ app_init ] --START--
INFO: Run Behavior\BuildLiteBehavior [ RunTime:0.000029s ]
INFO: [ app_init ] --END-- [ RunTime:0.000673s ]
INFO: [ app_begin ] --START--
INFO: Run Behavior\ReadHtmlCacheBehavior [ RunTime:0.000534s ]
INFO: [ app_begin ] --END-- [ RunTime:0.000651s ]
INFO: [ app_end ] --START--
INFO: Run Behavior\ShowPageTraceBehavior [ RunTime:0.000551s ]
INFO: [ app_end ] --END-- [ RunTime:0.000680s ]

[ 2017-04-18T20:02:37+08:00 ] 192.168.199.241 /hailun/web/think/index.php/Admin/Login/code.html?&rand=0.3693338486924501
INFO: [ app_init ] --START--
INFO: Run Behavior\BuildLiteBehavior [ RunTime:0.000026s ]
INFO: [ app_init ] --END-- [ RunTime:0.000555s ]
INFO: [ app_begin ] --START--
INFO: Run Behavior\ReadHtmlCacheBehavior [ RunTime:0.000494s ]
INFO: [ app_begin ] --END-- [ RunTime:0.000609s ]
INFO: [ app_end ] --START--
INFO: Run Behavior\ShowPageTraceBehavior [ RunTime:0.000646s ]
INFO: [ app_end ] --END-- [ RunTime:0.000769s ]

[ 2017-04-18T20:02:38+08:00 ] 192.168.199.241 /hailun/web/think/index.php/Admin/Login/code.html?&rand=0.8440336318267428
INFO: [ app_init ] --START--
INFO: Run Behavior\BuildLiteBehavior [ RunTime:0.000027s ]
INFO: [ app_init ] --END-- [ RunTime:0.000556s ]
INFO: [ app_begin ] --START--
INFO: Run Behavior\ReadHtmlCacheBehavior [ RunTime:0.000693s ]
INFO: [ app_begin ] --END-- [ RunTime:0.000846s ]
INFO: [ app_end ] --START--
INFO: Run Behavior\ShowPageTraceBehavior [ RunTime:0.000635s ]
INFO: [ app_end ] --END-- [ RunTime:0.000773s ]

[ 2017-04-18T20:02:41+08:00 ] 192.168.199.241 /hailun/web/think/index.php/Admin/Login/index.html
INFO: [ app_init ] --START--
INFO: Run Behavior\BuildLiteBehavior [ RunTime:0.000047s ]
INFO: [ app_init ] --END-- [ RunTime:0.000778s ]
INFO: [ app_begin ] --START--
INFO: Run Behavior\ReadHtmlCacheBehavior [ RunTime:0.000742s ]
INFO: [ app_begin ] --END-- [ RunTime:0.000944s ]
SQL: SHOW COLUMNS FROM `th_user` [ RunTime:0.0066s ]
NOTIC: [2] Missing argument 1 for Common\Model\UserModel::userAdd(), called in D:\www\hailun\web\think\Application\Admin\Controller\LoginController.class.php on line 8 and defined D:\www\hailun\web\think\Application\Common\Model\UserModel.class.php 第 15 行.
SQL: SELECT * FROM `th_user` WHERE ( username='admin' ) LIMIT 1   [ RunTime:0.0005s ]
NOTIC: [8] Undefined variable: num D:\www\hailun\web\think\Application\Common\Model\UserModel.class.php 第 26 行.

[ 2017-04-18T20:02:42+08:00 ] 192.168.199.241 /hailun/web/think/index.php/Admin/Index/index.html
INFO: [ app_init ] --START--
INFO: Run Behavior\BuildLiteBehavior [ RunTime:0.000045s ]
INFO: [ app_init ] --END-- [ RunTime:0.000940s ]
INFO: [ app_begin ] --START--
INFO: Run Behavior\ReadHtmlCacheBehavior [ RunTime:0.001150s ]
INFO: [ app_begin ] --END-- [ RunTime:0.001494s ]
NOTIC: [2] Missing argument 1 for Think\Controller::show(), called in D:\www\hailun\web\think\Application\Admin\Controller\IndexController.class.php on line 6 and defined D:\www\hailun\web\think\ThinkPHP\Library\Think\Controller.class.php 第 68 行.
NOTIC: [8] Undefined variable: content D:\www\hailun\web\think\ThinkPHP\Library\Think\Controller.class.php 第 69 行.
INFO: [ view_parse ] --START--
INFO: [ template_filter ] --START--
INFO: Run Behavior\ContentReplaceBehavior [ RunTime:0.000158s ]
INFO: [ template_filter ] --END-- [ RunTime:0.000393s ]
INFO: Run Behavior\ParseTemplateBehavior [ RunTime:0.013946s ]
INFO: [ view_parse ] --END-- [ RunTime:0.014162s ]
INFO: [ view_filter ] --START--
INFO: Run Behavior\WriteHtmlCacheBehavior [ RunTime:0.000715s ]
INFO: [ view_filter ] --END-- [ RunTime:0.000913s ]
INFO: [ app_end ] --START--
INFO: Run Behavior\ShowPageTraceBehavior [ RunTime:0.001071s ]
INFO: [ app_end ] --END-- [ RunTime:0.001275s ]

[ 2017-04-18T20:02:42+08:00 ] 192.168.199.241 /hailun/web/think/index.php/Admin/Index/top.html
INFO: [ app_init ] --START--
INFO: Run Behavior\BuildLiteBehavior [ RunTime:0.000026s ]
INFO: [ app_init ] --END-- [ RunTime:0.000546s ]
INFO: [ app_begin ] --START--
INFO: Run Behavior\ReadHtmlCacheBehavior [ RunTime:0.000518s ]
INFO: [ app_begin ] --END-- [ RunTime:0.000635s ]
NOTIC: [2] Missing argument 1 for Think\Controller::show(), called in D:\www\hailun\web\think\Application\Admin\Controller\IndexController.class.php on line 10 and defined D:\www\hailun\web\think\ThinkPHP\Library\Think\Controller.class.php 第 68 行.
NOTIC: [8] Undefined variable: content D:\www\hailun\web\think\ThinkPHP\Library\Think\Controller.class.php 第 69 行.
INFO: [ view_parse ] --START--
INFO: [ template_filter ] --START--
INFO: Run Behavior\ContentReplaceBehavior [ RunTime:0.000095s ]
INFO: [ template_filter ] --END-- [ RunTime:0.000212s ]
NOTIC: [8] Undefined variable: hd D:\www\hailun\web\think\Application\Runtime\Cache\Admin\bdb24232b8dcb412d439a202b1caa9a5.php 第 45 行.
INFO: Run Behavior\ParseTemplateBehavior [ RunTime:0.007337s ]
INFO: [ view_parse ] --END-- [ RunTime:0.007449s ]
INFO: [ view_filter ] --START--
INFO: Run Behavior\WriteHtmlCacheBehavior [ RunTime:0.000355s ]
INFO: [ view_filter ] --END-- [ RunTime:0.000466s ]
INFO: [ app_end ] --START--
INFO: Run Behavior\ShowPageTraceBehavior [ RunTime:0.000511s ]
INFO: [ app_end ] --END-- [ RunTime:0.000625s ]

[ 2017-04-18T20:02:42+08:00 ] 192.168.199.241 /hailun/web/think/index.php/Admin/Index/left.html
INFO: [ app_init ] --START--
INFO: Run Behavior\BuildLiteBehavior [ RunTime:0.000026s ]
INFO: [ app_init ] --END-- [ RunTime:0.000486s ]
INFO: [ app_begin ] --START--
INFO: Run Behavior\ReadHtmlCacheBehavior [ RunTime:0.000881s ]
INFO: [ app_begin ] --END-- [ RunTime:0.001054s ]
NOTIC: [2] Missing argument 1 for Think\Controller::show(), called in D:\www\hailun\web\think\Application\Admin\Controller\IndexController.class.php on line 20 and defined D:\www\hailun\web\think\ThinkPHP\Library\Think\Controller.class.php 第 68 行.
NOTIC: [8] Undefined variable: content D:\www\hailun\web\think\ThinkPHP\Library\Think\Controller.class.php 第 69 行.
INFO: [ view_parse ] --START--
INFO: [ template_filter ] --START--
INFO: Run Behavior\ContentReplaceBehavior [ RunTime:0.000105s ]
INFO: [ template_filter ] --END-- [ RunTime:0.000225s ]
INFO: Run Behavior\ParseTemplateBehavior [ RunTime:0.009917s ]
INFO: [ view_parse ] --END-- [ RunTime:0.010082s ]
INFO: [ view_filter ] --START--
INFO: Run Behavior\WriteHtmlCacheBehavior [ RunTime:0.000385s ]
INFO: [ view_filter ] --END-- [ RunTime:0.000491s ]
INFO: [ app_end ] --START--
INFO: Run Behavior\ShowPageTraceBehavior [ RunTime:0.000742s ]
INFO: [ app_end ] --END-- [ RunTime:0.000858s ]

[ 2017-04-18T20:02:42+08:00 ] 192.168.199.241 /hailun/web/think/index.php/Admin/Index/welcome.html
INFO: [ app_init ] --START--
INFO: Run Behavior\BuildLiteBehavior [ RunTime:0.000026s ]
INFO: [ app_init ] --END-- [ RunTime:0.000540s ]
INFO: [ app_begin ] --START--
INFO: Run Behavior\ReadHtmlCacheBehavior [ RunTime:0.001346s ]
INFO: [ app_begin ] --END-- [ RunTime:0.001570s ]
NOTIC: [2] Missing argument 1 for Think\Controller::show(), called in D:\www\hailun\web\think\Application\Admin\Controller\IndexController.class.php on line 16 and defined D:\www\hailun\web\think\ThinkPHP\Library\Think\Controller.class.php 第 68 行.
NOTIC: [8] Undefined variable: content D:\www\hailun\web\think\ThinkPHP\Library\Think\Controller.class.php 第 69 行.
INFO: [ view_parse ] --START--
INFO: [ template_filter ] --START--
INFO: Run Behavior\ContentReplaceBehavior [ RunTime:0.000096s ]
INFO: [ template_filter ] --END-- [ RunTime:0.000214s ]
NOTIC: [8] Undefined variable: hd D:\www\hailun\web\think\Application\Runtime\Cache\Admin\69fa43b310489e974c292babf8eca7e7.php 第 26 行.
INFO: Run Behavior\ParseTemplateBehavior [ RunTime:0.006605s ]
INFO: [ view_parse ] --END-- [ RunTime:0.006759s ]
INFO: [ view_filter ] --START--
INFO: Run Behavior\WriteHtmlCacheBehavior [ RunTime:0.000678s ]
INFO: [ view_filter ] --END-- [ RunTime:0.000873s ]
INFO: [ app_end ] --START--
INFO: Run Behavior\ShowPageTraceBehavior [ RunTime:0.000823s ]
INFO: [ app_end ] --END-- [ RunTime:0.001020s ]

[ 2017-04-18T20:02:44+08:00 ] 192.168.199.241 /hailun/web/think/index.php/Admin/Type/index.html
INFO: [ app_init ] --START--
INFO: Run Behavior\BuildLiteBehavior [ RunTime:0.000025s ]
INFO: [ app_init ] --END-- [ RunTime:0.000580s ]
INFO: [ app_begin ] --START--
INFO: Run Behavior\ReadHtmlCacheBehavior [ RunTime:0.000570s ]
INFO: [ app_begin ] --END-- [ RunTime:0.000682s ]
SQL: SHOW COLUMNS FROM `th_type` [ RunTime:0.0059s ]
SQL: SELECT * FROM `th_type`  [ RunTime:0.0004s ]
NOTIC: [2] Missing argument 1 for Think\Controller::show(), called in D:\www\hailun\web\think\Application\Admin\Controller\TypeController.class.php on line 14 and defined D:\www\hailun\web\think\ThinkPHP\Library\Think\Controller.class.php 第 68 行.
NOTIC: [8] Undefined variable: content D:\www\hailun\web\think\ThinkPHP\Library\Think\Controller.class.php 第 69 行.
INFO: [ view_parse ] --START--
INFO: [ template_filter ] --START--
INFO: Run Behavior\ContentReplaceBehavior [ RunTime:0.000095s ]
INFO: [ template_filter ] --END-- [ RunTime:0.000210s ]
INFO: Run Behavior\ParseTemplateBehavior [ RunTime:0.008988s ]
INFO: [ view_parse ] --END-- [ RunTime:0.009106s ]
INFO: [ view_filter ] --START--
INFO: Run Behavior\WriteHtmlCacheBehavior [ RunTime:0.000482s ]
INFO: [ view_filter ] --END-- [ RunTime:0.000609s ]
INFO: [ app_end ] --START--
INFO: Run Behavior\ShowPageTraceBehavior [ RunTime:0.000685s ]
INFO: [ app_end ] --END-- [ RunTime:0.000840s ]

[ 2017-04-18T20:02:47+08:00 ] 192.168.199.241 /hailun/web/think/index.php/Admin/Type/add.html
INFO: [ app_init ] --START--
INFO: Run Behavior\BuildLiteBehavior [ RunTime:0.000028s ]
INFO: [ app_init ] --END-- [ RunTime:0.000622s ]
INFO: [ app_begin ] --START--
INFO: Run Behavior\ReadHtmlCacheBehavior [ RunTime:0.000578s ]
INFO: [ app_begin ] --END-- [ RunTime:0.000732s ]
SQL: SHOW COLUMNS FROM `th_type` [ RunTime:0.0058s ]
NOTIC: [2] Missing argument 1 for Think\Controller::show(), called in D:\www\hailun\web\think\Application\Admin\Controller\TypeController.class.php on line 24 and defined D:\www\hailun\web\think\ThinkPHP\Library\Think\Controller.class.php 第 68 行.
NOTIC: [8] Undefined variable: content D:\www\hailun\web\think\ThinkPHP\Library\Think\Controller.class.php 第 69 行.
INFO: [ view_parse ] --START--
INFO: [ template_filter ] --START--
INFO: Run Behavior\ContentReplaceBehavior [ RunTime:0.000090s ]
INFO: [ template_filter ] --END-- [ RunTime:0.000202s ]
NOTIC: [8] Undefined variable: hd D:\www\hailun\web\think\Application\Runtime\Cache\Admin\22b927bcab08952e9a364dab9343db03.php 第 52 行.
INFO: Run Behavior\ParseTemplateBehavior [ RunTime:0.005959s ]
INFO: [ view_parse ] --END-- [ RunTime:0.006074s ]
INFO: [ view_filter ] --START--
INFO: Run Behavior\WriteHtmlCacheBehavior [ RunTime:0.000409s ]
INFO: [ view_filter ] --END-- [ RunTime:0.000518s ]
INFO: [ app_end ] --START--
INFO: Run Behavior\ShowPageTraceBehavior [ RunTime:0.000584s ]
INFO: [ app_end ] --END-- [ RunTime:0.000693s ]

[ 2017-04-18T20:02:49+08:00 ] 192.168.199.241 /hailun/web/think/index.php/Admin/Category/add.html
INFO: [ app_init ] --START--
INFO: Run Behavior\BuildLiteBehavior [ RunTime:0.000026s ]
INFO: [ app_init ] --END-- [ RunTime:0.000487s ]
INFO: [ app_begin ] --START--
INFO: Run Behavior\ReadHtmlCacheBehavior [ RunTime:0.000495s ]
INFO: [ app_begin ] --END-- [ RunTime:0.000610s ]
SQL: SHOW COLUMNS FROM `th_category` [ RunTime:0.0062s ]
NOTIC: [2] Missing argument 1 for Think\Controller::show(), called in D:\www\hailun\web\think\Application\Admin\Controller\CategoryController.class.php on line 28 and defined D:\www\hailun\web\think\ThinkPHP\Library\Think\Controller.class.php 第 68 行.
NOTIC: [8] Undefined variable: content D:\www\hailun\web\think\ThinkPHP\Library\Think\Controller.class.php 第 69 行.
INFO: [ view_parse ] --START--
INFO: [ template_filter ] --START--
INFO: Run Behavior\ContentReplaceBehavior [ RunTime:0.000086s ]
INFO: [ template_filter ] --END-- [ RunTime:0.000201s ]
NOTIC: [8] Undefined variable: hd D:\www\hailun\web\think\Application\Runtime\Cache\Admin\95612c4b24bfa83d0c6f94203c668e18.php 第 48 行.
INFO: Run Behavior\ParseTemplateBehavior [ RunTime:0.006784s ]
INFO: [ view_parse ] --END-- [ RunTime:0.006918s ]
INFO: [ view_filter ] --START--
INFO: Run Behavior\WriteHtmlCacheBehavior [ RunTime:0.000346s ]
INFO: [ view_filter ] --END-- [ RunTime:0.000453s ]
INFO: [ app_end ] --START--
INFO: Run Behavior\ShowPageTraceBehavior [ RunTime:0.000494s ]
INFO: [ app_end ] --END-- [ RunTime:0.000600s ]

[ 2017-04-18T20:02:50+08:00 ] 192.168.199.241 /hailun/web/think/index.php/Admin/Category/index.html
INFO: [ app_init ] --START--
INFO: Run Behavior\BuildLiteBehavior [ RunTime:0.000026s ]
INFO: [ app_init ] --END-- [ RunTime:0.000563s ]
INFO: [ app_begin ] --START--
INFO: Run Behavior\ReadHtmlCacheBehavior [ RunTime:0.000566s ]
INFO: [ app_begin ] --END-- [ RunTime:0.000680s ]
SQL: SHOW COLUMNS FROM `th_category` [ RunTime:0.0057s ]
SQL: SELECT * FROM `th_category`  [ RunTime:0.0005s ]
NOTIC: [2] Missing argument 1 for Think\Controller::show(), called in D:\www\hailun\web\think\Application\Admin\Controller\CategoryController.class.php on line 16 and defined D:\www\hailun\web\think\ThinkPHP\Library\Think\Controller.class.php 第 68 行.
NOTIC: [8] Undefined variable: content D:\www\hailun\web\think\ThinkPHP\Library\Think\Controller.class.php 第 69 行.
INFO: [ view_parse ] --START--
INFO: [ template_filter ] --START--
INFO: Run Behavior\ContentReplaceBehavior [ RunTime:0.000105s ]
INFO: [ template_filter ] --END-- [ RunTime:0.000221s ]
NOTIC: [8] Undefined variable: page D:\www\hailun\web\think\Application\Runtime\Cache\Admin\9bfef0f9f473c596f668b6c9a32bfd5c.php 第 91 行.
INFO: Run Behavior\ParseTemplateBehavior [ RunTime:0.019504s ]
INFO: [ view_parse ] --END-- [ RunTime:0.019644s ]
INFO: [ view_filter ] --START--
INFO: Run Behavior\WriteHtmlCacheBehavior [ RunTime:0.000429s ]
INFO: [ view_filter ] --END-- [ RunTime:0.000539s ]
INFO: [ app_end ] --START--
INFO: Run Behavior\ShowPageTraceBehavior [ RunTime:0.000799s ]
INFO: [ app_end ] --END-- [ RunTime:0.000990s ]

[ 2017-04-18T20:02:53+08:00 ] 192.168.199.241 /hailun/web/think/index.php/Admin/Category/clickAjax.html
INFO: [ app_init ] --START--
INFO: Run Behavior\BuildLiteBehavior [ RunTime:0.000024s ]
INFO: [ app_init ] --END-- [ RunTime:0.000590s ]
INFO: [ app_begin ] --START--
INFO: Run Behavior\ReadHtmlCacheBehavior [ RunTime:0.000477s ]
INFO: [ app_begin ] --END-- [ RunTime:0.000594s ]
SQL: SHOW COLUMNS FROM `th_category` [ RunTime:0.0061s ]
SQL: SELECT * FROM `th_category` WHERE ( pid=1 )  [ RunTime:0.0004s ]
SQL: SELECT * FROM `th_category` WHERE ( pid=9 ) LIMIT 1   [ RunTime:0.0003s ]
SQL: SELECT * FROM `th_category` WHERE ( pid=10 ) LIMIT 1   [ RunTime:0.0003s ]
SQL: SELECT * FROM `th_category` WHERE ( pid=11 ) LIMIT 1   [ RunTime:0.0003s ]
SQL: SELECT * FROM `th_category` WHERE ( pid=12 ) LIMIT 1   [ RunTime:0.0004s ]
SQL: SELECT * FROM `th_category` WHERE ( pid=13 ) LIMIT 1   [ RunTime:0.0004s ]

[ 2017-04-18T20:02:54+08:00 ] 192.168.199.241 /hailun/web/think/index.php/Admin/Category/textAjax.html
INFO: [ app_init ] --START--
INFO: Run Behavior\BuildLiteBehavior [ RunTime:0.000095s ]
INFO: [ app_init ] --END-- [ RunTime:0.001824s ]
INFO: [ app_begin ] --START--
INFO: Run Behavior\ReadHtmlCacheBehavior [ RunTime:0.001158s ]
INFO: [ app_begin ] --END-- [ RunTime:0.001387s ]
SQL: SHOW COLUMNS FROM `th_category` [ RunTime:0.0056s ]
SQL: SELECT * FROM `th_category`  [ RunTime:0.0005s ]
SQL: SELECT * FROM `th_category` WHERE ( pid=1 )  [ RunTime:0.0004s ]

[ 2017-04-18T20:02:55+08:00 ] 192.168.199.241 /hailun/web/think/index.php/Admin/Category/clickAjax.html
INFO: [ app_init ] --START--
INFO: Run Behavior\BuildLiteBehavior [ RunTime:0.000026s ]
INFO: [ app_init ] --END-- [ RunTime:0.000594s ]
INFO: [ app_begin ] --START--
INFO: Run Behavior\ReadHtmlCacheBehavior [ RunTime:0.000551s ]
INFO: [ app_begin ] --END-- [ RunTime:0.000650s ]
SQL: SHOW COLUMNS FROM `th_category` [ RunTime:0.0057s ]
SQL: SELECT * FROM `th_category` WHERE ( pid=1 )  [ RunTime:0.0004s ]
SQL: SELECT * FROM `th_category` WHERE ( pid=9 ) LIMIT 1   [ RunTime:0.0003s ]
SQL: SELECT * FROM `th_category` WHERE ( pid=10 ) LIMIT 1   [ RunTime:0.0003s ]
SQL: SELECT * FROM `th_category` WHERE ( pid=11 ) LIMIT 1   [ RunTime:0.0003s ]
SQL: SELECT * FROM `th_category` WHERE ( pid=12 ) LIMIT 1   [ RunTime:0.0004s ]
SQL: SELECT * FROM `th_category` WHERE ( pid=13 ) LIMIT 1   [ RunTime:0.0003s ]

[ 2017-04-18T20:02:56+08:00 ] 192.168.199.241 /hailun/web/think/index.php/Admin/Category/textAjax.html
INFO: [ app_init ] --START--
INFO: Run Behavior\BuildLiteBehavior [ RunTime:0.000024s ]
INFO: [ app_init ] --END-- [ RunTime:0.000471s ]
INFO: [ app_begin ] --START--
INFO: Run Behavior\ReadHtmlCacheBehavior [ RunTime:0.000508s ]
INFO: [ app_begin ] --END-- [ RunTime:0.000619s ]
SQL: SHOW COLUMNS FROM `th_category` [ RunTime:0.0056s ]
SQL: SELECT * FROM `th_category`  [ RunTime:0.0005s ]
SQL: SELECT * FROM `th_category` WHERE ( pid=1 )  [ RunTime:0.0004s ]

[ 2017-04-18T20:02:57+08:00 ] 192.168.199.241 /hailun/web/think/index.php/Admin/Category/clickAjax.html
INFO: [ app_init ] --START--
INFO: Run Behavior\BuildLiteBehavior [ RunTime:0.000040s ]
INFO: [ app_init ] --END-- [ RunTime:0.000877s ]
INFO: [ app_begin ] --START--
INFO: Run Behavior\ReadHtmlCacheBehavior [ RunTime:0.000906s ]
INFO: [ app_begin ] --END-- [ RunTime:0.001093s ]
SQL: SHOW COLUMNS FROM `th_category` [ RunTime:0.0068s ]
SQL: SELECT * FROM `th_category` WHERE ( pid=2 )  [ RunTime:0.0006s ]
SQL: SELECT * FROM `th_category` WHERE ( pid=14 ) LIMIT 1   [ RunTime:0.0006s ]
SQL: SELECT * FROM `th_category` WHERE ( pid=15 ) LIMIT 1   [ RunTime:0.0005s ]
SQL: SELECT * FROM `th_category` WHERE ( pid=16 ) LIMIT 1   [ RunTime:0.0005s ]
SQL: SELECT * FROM `th_category` WHERE ( pid=17 ) LIMIT 1   [ RunTime:0.0006s ]

[ 2017-04-18T20:02:58+08:00 ] 192.168.199.241 /hailun/web/think/index.php/Admin/Category/textAjax.html
INFO: [ app_init ] --START--
INFO: Run Behavior\BuildLiteBehavior [ RunTime:0.000025s ]
INFO: [ app_init ] --END-- [ RunTime:0.000488s ]
INFO: [ app_begin ] --START--
INFO: Run Behavior\ReadHtmlCacheBehavior [ RunTime:0.000713s ]
INFO: [ app_begin ] --END-- [ RunTime:0.000878s ]
SQL: SHOW COLUMNS FROM `th_category` [ RunTime:0.0078s ]
SQL: SELECT * FROM `th_category`  [ RunTime:0.0009s ]
SQL: SELECT * FROM `th_category` WHERE ( pid=2 )  [ RunTime:0.0006s ]

[ 2017-04-18T20:02:59+08:00 ] 192.168.199.241 /hailun/web/think/index.php/Admin/Brand/addBrank.html
INFO: [ app_init ] --START--
INFO: Run Behavior\BuildLiteBehavior [ RunTime:0.000025s ]
INFO: [ app_init ] --END-- [ RunTime:0.000526s ]
INFO: [ app_begin ] --START--
INFO: Run Behavior\ReadHtmlCacheBehavior [ RunTime:0.000516s ]
INFO: [ app_begin ] --END-- [ RunTime:0.000632s ]
SQL: SHOW COLUMNS FROM `th_brand` [ RunTime:0.0054s ]
NOTIC: [2] Missing argument 1 for Think\Controller::show(), called in D:\www\hailun\web\think\Application\Admin\Controller\BrandController.class.php on line 66 and defined D:\www\hailun\web\think\ThinkPHP\Library\Think\Controller.class.php 第 68 行.
NOTIC: [8] Undefined variable: content D:\www\hailun\web\think\ThinkPHP\Library\Think\Controller.class.php 第 69 行.
INFO: [ view_parse ] --START--
INFO: [ template_filter ] --START--
INFO: Run Behavior\ContentReplaceBehavior [ RunTime:0.000104s ]
INFO: [ template_filter ] --END-- [ RunTime:0.000230s ]
NOTIC: [8] Undefined variable: allUser D:\www\hailun\web\think\Application\Runtime\Cache\Admin\e872142e1096dec73fd43e6e0974059e.php 第 66 行.
NOTIC: [8] Undefined variable: allUser D:\www\hailun\web\think\Application\Runtime\Cache\Admin\e872142e1096dec73fd43e6e0974059e.php 第 69 行.
INFO: Run Behavior\ParseTemplateBehavior [ RunTime:0.006884s ]
INFO: [ view_parse ] --END-- [ RunTime:0.007011s ]
INFO: [ view_filter ] --START--
INFO: Run Behavior\WriteHtmlCacheBehavior [ RunTime:0.000354s ]
INFO: [ view_filter ] --END-- [ RunTime:0.000460s ]
INFO: [ app_end ] --START--
INFO: Run Behavior\ShowPageTraceBehavior [ RunTime:0.000545s ]
INFO: [ app_end ] --END-- [ RunTime:0.000653s ]

[ 2017-04-18T20:03:00+08:00 ] 192.168.199.241 /hailun/web/think/index.php/Admin/Brand/__VIEW__/Category/css/select.css
INFO: [ app_init ] --START--
INFO: Run Behavior\BuildLiteBehavior [ RunTime:0.000026s ]
INFO: [ app_init ] --END-- [ RunTime:0.000573s ]
INFO: [ app_begin ] --START--
INFO: Run Behavior\ReadHtmlCacheBehavior [ RunTime:0.000528s ]
INFO: [ app_begin ] --END-- [ RunTime:0.000647s ]
SQL: SHOW COLUMNS FROM `th_brand` [ RunTime:0.0054s ]
ERR: 非法操作:__VIEW__

[ 2017-04-18T20:03:00+08:00 ] 192.168.199.241 /hailun/web/think/index.php/Admin/Brand/__VIEW__/Category/js/jquery.idTabs.min.js
INFO: [ app_init ] --START--
INFO: Run Behavior\BuildLiteBehavior [ RunTime:0.000043s ]
INFO: [ app_init ] --END-- [ RunTime:0.000711s ]
INFO: [ app_begin ] --START--
INFO: Run Behavior\ReadHtmlCacheBehavior [ RunTime:0.000491s ]
INFO: [ app_begin ] --END-- [ RunTime:0.000612s ]
SQL: SHOW COLUMNS FROM `th_brand` [ RunTime:0.0056s ]
ERR: 非法操作:__VIEW__

[ 2017-04-18T20:03:00+08:00 ] 192.168.199.241 /hailun/web/think/index.php/Admin/Brand/__VIEW__/Category/js/jquery.js
INFO: [ app_init ] --START--
INFO: Run Behavior\BuildLiteBehavior [ RunTime:0.000025s ]
INFO: [ app_init ] --END-- [ RunTime:0.000549s ]
INFO: [ app_begin ] --START--
INFO: Run Behavior\ReadHtmlCacheBehavior [ RunTime:0.000829s ]
INFO: [ app_begin ] --END-- [ RunTime:0.001031s ]
SQL: SHOW COLUMNS FROM `th_brand` [ RunTime:0.0042s ]
ERR: 非法操作:__VIEW__

[ 2017-04-18T20:03:01+08:00 ] 192.168.199.241 /hailun/web/think/index.php/Admin/Brand/index.html
INFO: [ app_init ] --START--
INFO: Run Behavior\BuildLiteBehavior [ RunTime:0.000050s ]
INFO: [ app_init ] --END-- [ RunTime:0.000579s ]
INFO: [ app_begin ] --START--
INFO: Run Behavior\ReadHtmlCacheBehavior [ RunTime:0.000553s ]
INFO: [ app_begin ] --END-- [ RunTime:0.000668s ]
SQL: SHOW COLUMNS FROM `th_brand` [ RunTime:0.0061s ]
SQL: SELECT * FROM `th_brand` ORDER BY sort DESC  [ RunTime:0.0006s ]
NOTIC: [2] Missing argument 1 for Think\Controller::show(), called in D:\www\hailun\web\think\Application\Admin\Controller\BrandController.class.php on line 21 and defined D:\www\hailun\web\think\ThinkPHP\Library\Think\Controller.class.php 第 68 行.
NOTIC: [8] Undefined variable: content D:\www\hailun\web\think\ThinkPHP\Library\Think\Controller.class.php 第 69 行.
INFO: [ view_parse ] --START--
INFO: [ template_filter ] --START--
INFO: Run Behavior\ContentReplaceBehavior [ RunTime:0.000092s ]
INFO: [ template_filter ] --END-- [ RunTime:0.000209s ]
INFO: Run Behavior\ParseTemplateBehavior [ RunTime:0.009258s ]
INFO: [ view_parse ] --END-- [ RunTime:0.009560s ]
INFO: [ view_filter ] --START--
INFO: Run Behavior\WriteHtmlCacheBehavior [ RunTime:0.000439s ]
INFO: [ view_filter ] --END-- [ RunTime:0.000549s ]
INFO: [ app_end ] --START--
INFO: Run Behavior\ShowPageTraceBehavior [ RunTime:0.000668s ]
INFO: [ app_end ] --END-- [ RunTime:0.000782s ]

[ 2017-04-18T20:03:01+08:00 ] 192.168.199.241 /hailun/web/think/index.php/Admin/Brand/__VIEW__/Category/js/select-ui.min.js
INFO: [ app_init ] --START--
INFO: Run Behavior\BuildLiteBehavior [ RunTime:0.000026s ]
INFO: [ app_init ] --END-- [ RunTime:0.000530s ]
INFO: [ app_begin ] --START--
INFO: Run Behavior\ReadHtmlCacheBehavior [ RunTime:0.000645s ]
INFO: [ app_begin ] --END-- [ RunTime:0.000801s ]
SQL: SHOW COLUMNS FROM `th_brand` [ RunTime:0.0041s ]
ERR: 非法操作:__VIEW__

[ 2017-04-18T20:03:10+08:00 ] 192.168.199.241 /hailun/web/think/index.php/Admin/Brand/__VIEW__/Category/css/select.css
INFO: [ app_init ] --START--
INFO: Run Behavior\BuildLiteBehavior [ RunTime:0.000024s ]
INFO: [ app_init ] --END-- [ RunTime:0.000560s ]
INFO: [ app_begin ] --START--
INFO: Run Behavior\ReadHtmlCacheBehavior [ RunTime:0.000708s ]
INFO: [ app_begin ] --END-- [ RunTime:0.000853s ]
SQL: SHOW COLUMNS FROM `th_brand` [ RunTime:0.0055s ]
ERR: 非法操作:__VIEW__

[ 2017-04-18T20:03:11+08:00 ] 192.168.199.241 /hailun/web/think/index.php/Admin/Brand/__VIEW__/Category/js/jquery.idTabs.min.js
INFO: [ app_init ] --START--
INFO: Run Behavior\BuildLiteBehavior [ RunTime:0.000024s ]
INFO: [ app_init ] --END-- [ RunTime:0.000495s ]
INFO: [ app_begin ] --START--
INFO: Run Behavior\ReadHtmlCacheBehavior [ RunTime:0.000486s ]
INFO: [ app_begin ] --END-- [ RunTime:0.000599s ]
SQL: SHOW COLUMNS FROM `th_brand` [ RunTime:0.0054s ]
ERR: 非法操作:__VIEW__

[ 2017-04-18T20:03:11+08:00 ] 192.168.199.241 /hailun/web/think/index.php/Admin/Brand/__VIEW__/Category/js/jquery.js
INFO: [ app_init ] --START--
INFO: Run Behavior\BuildLiteBehavior [ RunTime:0.000028s ]
INFO: [ app_init ] --END-- [ RunTime:0.000499s ]
INFO: [ app_begin ] --START--
INFO: Run Behavior\ReadHtmlCacheBehavior [ RunTime:0.000490s ]
INFO: [ app_begin ] --END-- [ RunTime:0.000604s ]
SQL: SHOW COLUMNS FROM `th_brand` [ RunTime:0.0044s ]
ERR: 非法操作:__VIEW__

[ 2017-04-18T20:03:12+08:00 ] 192.168.199.241 /hailun/web/think/index.php/Admin/Brand/__VIEW__/Category/js/select-ui.min.js
INFO: [ app_init ] --START--
INFO: Run Behavior\BuildLiteBehavior [ RunTime:0.000025s ]
INFO: [ app_init ] --END-- [ RunTime:0.000585s ]
INFO: [ app_begin ] --START--
INFO: Run Behavior\ReadHtmlCacheBehavior [ RunTime:0.000484s ]
INFO: [ app_begin ] --END-- [ RunTime:0.000599s ]
SQL: SHOW COLUMNS FROM `th_brand` [ RunTime:0.0063s ]
ERR: 非法操作:__VIEW__

[ 2017-04-18T20:03:15+08:00 ] 192.168.199.241 /hailun/web/think/index.php/Admin/Product/addPro.html
INFO: [ app_init ] --START--
INFO: Run Behavior\BuildLiteBehavior [ RunTime:0.000036s ]
INFO: [ app_init ] --END-- [ RunTime:0.000674s ]
INFO: [ app_begin ] --START--
INFO: Run Behavior\ReadHtmlCacheBehavior [ RunTime:0.000708s ]
INFO: [ app_begin ] --END-- [ RunTime:0.000867s ]
SQL: SHOW COLUMNS FROM `th_product` [ RunTime:0.0062s ]
SQL: SHOW COLUMNS FROM `th_category` [ RunTime:0.0046s ]
SQL: SELECT * FROM `th_category`  [ RunTime:0.0005s ]
SQL: SHOW COLUMNS FROM `th_brand` [ RunTime:0.0042s ]
SQL: SELECT * FROM `th_brand`  [ RunTime:0.0004s ]
INFO: [ view_parse ] --START--
INFO: [ template_filter ] --START--
INFO: Run Behavior\ContentReplaceBehavior [ RunTime:0.000158s ]
INFO: [ template_filter ] --END-- [ RunTime:0.000286s ]
INFO: Run Behavior\ParseTemplateBehavior [ RunTime:0.010822s ]
INFO: [ view_parse ] --END-- [ RunTime:0.010950s ]
INFO: [ view_filter ] --START--
INFO: Run Behavior\WriteHtmlCacheBehavior [ RunTime:0.000383s ]
INFO: [ view_filter ] --END-- [ RunTime:0.000490s ]
INFO: [ app_end ] --START--
INFO: Run Behavior\ShowPageTraceBehavior [ RunTime:0.000590s ]
INFO: [ app_end ] --END-- [ RunTime:0.000719s ]

[ 2017-04-18T20:03:20+08:00 ] 192.168.199.241 /hailun/web/think/index.php/Admin/Product/index.html
INFO: [ app_init ] --START--
INFO: Run Behavior\BuildLiteBehavior [ RunTime:0.000075s ]
INFO: [ app_init ] --END-- [ RunTime:0.001652s ]
INFO: [ app_begin ] --START--
INFO: Run Behavior\ReadHtmlCacheBehavior [ RunTime:0.002906s ]
INFO: [ app_begin ] --END-- [ RunTime:0.003366s ]
SQL: SHOW COLUMNS FROM `th_product` [ RunTime:0.0072s ]
SQL: SELECT * FROM th_product p INNER JOIN th_user u ON p.adminid=u.uid  LIMIT 0,5   [ RunTime:0.0011s ]
SQL: SELECT COUNT(*) AS tp_count FROM `th_product` LIMIT 1   [ RunTime:0.0004s ]
NOTIC: [2] Missing argument 1 for Think\Controller::show(), called in D:\www\hailun\web\think\Application\Admin\Controller\ProductController.class.php on line 30 and defined D:\www\hailun\web\think\ThinkPHP\Library\Think\Controller.class.php 第 68 行.
NOTIC: [8] Undefined variable: content D:\www\hailun\web\think\ThinkPHP\Library\Think\Controller.class.php 第 69 行.
INFO: [ view_parse ] --START--
INFO: [ template_filter ] --START--
INFO: Run Behavior\ContentReplaceBehavior [ RunTime:0.000106s ]
INFO: [ template_filter ] --END-- [ RunTime:0.000230s ]
INFO: Run Behavior\ParseTemplateBehavior [ RunTime:0.013768s ]
INFO: [ view_parse ] --END-- [ RunTime:0.013922s ]
INFO: [ view_filter ] --START--
INFO: Run Behavior\WriteHtmlCacheBehavior [ RunTime:0.000381s ]
INFO: [ view_filter ] --END-- [ RunTime:0.000487s ]
INFO: [ app_end ] --START--
INFO: Run Behavior\ShowPageTraceBehavior [ RunTime:0.000675s ]
INFO: [ app_end ] --END-- [ RunTime:0.000818s ]

[ 2017-04-18T20:03:22+08:00 ] 192.168.199.241 /hailun/web/think/index.php/Admin/Product/addPro.html
INFO: [ app_init ] --START--
INFO: Run Behavior\BuildLiteBehavior [ RunTime:0.000024s ]
INFO: [ app_init ] --END-- [ RunTime:0.000553s ]
INFO: [ app_begin ] --START--
INFO: Run Behavior\ReadHtmlCacheBehavior [ RunTime:0.000490s ]
INFO: [ app_begin ] --END-- [ RunTime:0.000604s ]
SQL: SHOW COLUMNS FROM `th_product` [ RunTime:0.0064s ]
SQL: SHOW COLUMNS FROM `th_category` [ RunTime:0.0042s ]
SQL: SELECT * FROM `th_category`  [ RunTime:0.0005s ]
SQL: SHOW COLUMNS FROM `th_brand` [ RunTime:0.0043s ]
SQL: SELECT * FROM `th_brand`  [ RunTime:0.0004s ]
INFO: [ view_parse ] --START--
INFO: [ template_filter ] --START--
INFO: Run Behavior\ContentReplaceBehavior [ RunTime:0.000151s ]
INFO: [ template_filter ] --END-- [ RunTime:0.000269s ]
INFO: Run Behavior\ParseTemplateBehavior [ RunTime:0.010548s ]
INFO: [ view_parse ] --END-- [ RunTime:0.010669s ]
INFO: [ view_filter ] --START--
INFO: Run Behavior\WriteHtmlCacheBehavior [ RunTime:0.000412s ]
INFO: [ view_filter ] --END-- [ RunTime:0.000517s ]
INFO: [ app_end ] --START--
INFO: Run Behavior\ShowPageTraceBehavior [ RunTime:0.000536s ]
INFO: [ app_end ] --END-- [ RunTime:0.000659s ]

[ 2017-04-18T20:03:31+08:00 ] 192.168.199.241 /hailun/web/think/index.php/Admin/Product/index.html
INFO: [ app_init ] --START--
INFO: Run Behavior\BuildLiteBehavior [ RunTime:0.000037s ]
INFO: [ app_init ] --END-- [ RunTime:0.000783s ]
INFO: [ app_begin ] --START--
INFO: Run Behavior\ReadHtmlCacheBehavior [ RunTime:0.000581s ]
INFO: [ app_begin ] --END-- [ RunTime:0.000697s ]
SQL: SHOW COLUMNS FROM `th_product` [ RunTime:0.0063s ]
SQL: SELECT * FROM th_product p INNER JOIN th_user u ON p.adminid=u.uid  LIMIT 0,5   [ RunTime:0.0007s ]
SQL: SELECT COUNT(*) AS tp_count FROM `th_product` LIMIT 1   [ RunTime:0.0003s ]
NOTIC: [2] Missing argument 1 for Think\Controller::show(), called in D:\www\hailun\web\think\Application\Admin\Controller\ProductController.class.php on line 30 and defined D:\www\hailun\web\think\ThinkPHP\Library\Think\Controller.class.php 第 68 行.
NOTIC: [8] Undefined variable: content D:\www\hailun\web\think\ThinkPHP\Library\Think\Controller.class.php 第 69 行.
INFO: [ view_parse ] --START--
INFO: [ template_filter ] --START--
INFO: Run Behavior\ContentReplaceBehavior [ RunTime:0.000101s ]
INFO: [ template_filter ] --END-- [ RunTime:0.000215s ]
INFO: Run Behavior\ParseTemplateBehavior [ RunTime:0.012207s ]
INFO: [ view_parse ] --END-- [ RunTime:0.012331s ]
INFO: [ view_filter ] --START--
INFO: Run Behavior\WriteHtmlCacheBehavior [ RunTime:0.000501s ]
INFO: [ view_filter ] --END-- [ RunTime:0.000608s ]
INFO: [ app_end ] --START--
INFO: Run Behavior\ShowPageTraceBehavior [ RunTime:0.000604s ]
INFO: [ app_end ] --END-- [ RunTime:0.000719s ]

[ 2017-04-18T20:03:34+08:00 ] 192.168.199.241 /hailun/web/think/index.php/Admin/Prolist/index/pro_id/2/tid/1.html
INFO: [ app_init ] --START--
INFO: Run Behavior\BuildLiteBehavior [ RunTime:0.000038s ]
INFO: [ app_init ] --END-- [ RunTime:0.000665s ]
INFO: [ app_begin ] --START--
INFO: Run Behavior\ReadHtmlCacheBehavior [ RunTime:0.000542s ]
INFO: [ app_begin ] --END-- [ RunTime:0.000658s ]
SQL: SHOW COLUMNS FROM `th_prolist` [ RunTime:0.0071s ]
NOTIC: [2] Missing argument 3 for Common\Model\ProListModel::getAttr(), called in D:\www\hailun\web\think\Application\Admin\Controller\ProlistController.class.php on line 20 and defined D:\www\hailun\web\think\Application\Common\Model\ProlistModel.class.php 第 59 行.
SQL: SHOW COLUMNS FROM `th_type_son` [ RunTime:0.0044s ]
SQL: SELECT * FROM `th_type_son` WHERE ( is_edit=1 AND tid=1 )  [ RunTime:0.0005s ]
SQL: SHOW COLUMNS FROM `th_attribute` [ RunTime:0.0041s ]
SQL: SELECT * FROM `th_attribute` WHERE ( pro_id=2 AND sid=15 )  [ RunTime:0.0005s ]
SQL: SELECT * FROM `th_attribute` WHERE ( pro_id=2 AND sid=18 )  [ RunTime:0.0005s ]
SQL: SELECT * FROM `th_prolist` WHERE ( pro_id=2 )  [ RunTime:0.0009s ]
SQL: SELECT `avalue` FROM `th_attribute` WHERE ( attid in (220,219) )  [ RunTime:0.0008s ]
SQL: SELECT `avalue` FROM `th_attribute` WHERE ( attid in (220,218) )  [ RunTime:0.0004s ]
SQL: SELECT `avalue` FROM `th_attribute` WHERE ( attid in (221,219) )  [ RunTime:0.0005s ]
SQL: SELECT `avalue` FROM `th_attribute` WHERE ( attid in (221,218) )  [ RunTime:0.0003s ]
INFO: [ view_parse ] --START--
INFO: [ template_filter ] --START--
INFO: Run Behavior\ContentReplaceBehavior [ RunTime:0.000105s ]
INFO: [ template_filter ] --END-- [ RunTime:0.000218s ]
INFO: Run Behavior\ParseTemplateBehavior [ RunTime:0.012305s ]
INFO: [ view_parse ] --END-- [ RunTime:0.012439s ]
INFO: [ view_filter ] --START--
INFO: Run Behavior\WriteHtmlCacheBehavior [ RunTime:0.000489s ]
INFO: [ view_filter ] --END-- [ RunTime:0.000607s ]
INFO: [ app_end ] --START--
INFO: Run Behavior\ShowPageTraceBehavior [ RunTime:0.000575s ]
INFO: [ app_end ] --END-- [ RunTime:0.000695s ]

[ 2017-04-18T20:03:36+08:00 ] 192.168.199.241 /hailun/web/think/index.php/Admin/Prolist/edit/pro_id/2/tid/1/listid/6.html
INFO: [ app_init ] --START--
INFO: Run Behavior\BuildLiteBehavior [ RunTime:0.000026s ]
INFO: [ app_init ] --END-- [ RunTime:0.000605s ]
INFO: [ app_begin ] --START--
INFO: Run Behavior\ReadHtmlCacheBehavior [ RunTime:0.000575s ]
INFO: [ app_begin ] --END-- [ RunTime:0.000691s ]
SQL: SHOW COLUMNS FROM `th_prolist` [ RunTime:0.0056s ]
SQL: SELECT * FROM `th_prolist` WHERE ( listid=6 ) LIMIT 1   [ RunTime:0.0004s ]
NOTIC: [2] Missing argument 3 for Common\Model\ProListModel::getAttr(), called in D:\www\hailun\web\think\Application\Admin\Controller\ProlistController.class.php on line 64 and defined D:\www\hailun\web\think\Application\Common\Model\ProlistModel.class.php 第 59 行.
SQL: SHOW COLUMNS FROM `th_type_son` [ RunTime:0.0065s ]
SQL: SELECT * FROM `th_type_son` WHERE ( is_edit=1 AND tid=1 )  [ RunTime:0.0005s ]
SQL: SHOW COLUMNS FROM `th_attribute` [ RunTime:0.0044s ]
SQL: SELECT * FROM `th_attribute` WHERE ( pro_id=2 AND sid=15 )  [ RunTime:0.0005s ]
SQL: SELECT * FROM `th_attribute` WHERE ( pro_id=2 AND sid=18 )  [ RunTime:0.0004s ]
INFO: [ view_parse ] --START--
INFO: [ template_filter ] --START--
INFO: Run Behavior\ContentReplaceBehavior [ RunTime:0.000098s ]
INFO: [ template_filter ] --END-- [ RunTime:0.000221s ]
INFO: Run Behavior\ParseTemplateBehavior [ RunTime:0.011894s ]
INFO: [ view_parse ] --END-- [ RunTime:0.012020s ]
INFO: [ view_filter ] --START--
INFO: Run Behavior\WriteHtmlCacheBehavior [ RunTime:0.000389s ]
INFO: [ view_filter ] --END-- [ RunTime:0.000497s ]
INFO: [ app_end ] --START--
INFO: Run Behavior\ShowPageTraceBehavior [ RunTime:0.000546s ]
INFO: [ app_end ] --END-- [ RunTime:0.000656s ]

[ 2017-04-18T20:03:52+08:00 ] 192.168.199.241 /hailun/web/think/index.php/Admin/Flink/index.html
INFO: [ app_init ] --START--
INFO: Run Behavior\BuildLiteBehavior [ RunTime:0.000025s ]
INFO: [ app_init ] --END-- [ RunTime:0.000506s ]
INFO: [ app_begin ] --START--
INFO: Run Behavior\ReadHtmlCacheBehavior [ RunTime:0.000536s ]
INFO: [ app_begin ] --END-- [ RunTime:0.000683s ]
SQL: SHOW COLUMNS FROM `th_flink` [ RunTime:0.0050s ]
SQL: SELECT * FROM `th_flink`  [ RunTime:0.0005s ]
INFO: [ view_parse ] --START--
INFO: [ template_filter ] --START--
INFO: Run Behavior\ContentReplaceBehavior [ RunTime:0.000112s ]
INFO: [ template_filter ] --END-- [ RunTime:0.000312s ]
INFO: Run Behavior\ParseTemplateBehavior [ RunTime:0.013624s ]
INFO: [ view_parse ] --END-- [ RunTime:0.014009s ]
INFO: [ view_filter ] --START--
INFO: Run Behavior\WriteHtmlCacheBehavior [ RunTime:0.001600s ]
INFO: [ view_filter ] --END-- [ RunTime:0.001934s ]
INFO: [ app_end ] --START--
INFO: Run Behavior\ShowPageTraceBehavior [ RunTime:0.000897s ]
INFO: [ app_end ] --END-- [ RunTime:0.001109s ]

[ 2017-04-18T20:03:52+08:00 ] 192.168.199.241 /hailun/web/think/index.php/Admin/Flink/index.html
INFO: [ app_init ] --START--
INFO: Run Behavior\BuildLiteBehavior [ RunTime:0.000025s ]
INFO: [ app_init ] --END-- [ RunTime:0.000552s ]
INFO: [ app_begin ] --START--
INFO: Run Behavior\ReadHtmlCacheBehavior [ RunTime:0.000560s ]
INFO: [ app_begin ] --END-- [ RunTime:0.000675s ]
SQL: SHOW COLUMNS FROM `th_flink` [ RunTime:0.0055s ]
SQL: SELECT * FROM `th_flink`  [ RunTime:0.0005s ]
INFO: [ view_parse ] --START--
INFO: [ template_filter ] --START--
INFO: Run Behavior\ContentReplaceBehavior [ RunTime:0.000095s ]
INFO: [ template_filter ] --END-- [ RunTime:0.000213s ]
INFO: Run Behavior\ParseTemplateBehavior [ RunTime:0.012627s ]
INFO: [ view_parse ] --END-- [ RunTime:0.012742s ]
INFO: [ view_filter ] --START--
INFO: Run Behavior\WriteHtmlCacheBehavior [ RunTime:0.000447s ]
INFO: [ view_filter ] --END-- [ RunTime:0.000552s ]
INFO: [ app_end ] --START--
INFO: Run Behavior\ShowPageTraceBehavior [ RunTime:0.000587s ]
INFO: [ app_end ] --END-- [ RunTime:0.000709s ]

